[0.045s] Invoking command in '/home/albert/udem_ws/build/my_robot_description': CMAKE_PREFIX_PATH=${CMAKE_PREFIX_PATH}:/home/albert/bcdc_ws/install/agbot_teleop:/home/albert/bcdc_ws/install/agbot_py:/home/albert/ws_moveit2/install/moveit_configs_utils:/home/albert/ws_moveit2/install/launch_param_builder:/home/albert/umov_ws/install/arduino_py_examples:/home/albert/udem2_ws/install/actions_py:/home/albert/udem2_ws/install/lifecycle_py:/home/albert/udem2_ws/install/executors_py:/home/albert/udem2_ws/install/components_py:/home/albert/udem_ws/install/turtlesim_catcher:/home/albert/udem_ws/install/my_py_pkg:/home/albert/udem_ws/install/lifecycle_py:/home/albert/arduinobot_ws/install/arduinobot_py_examples:/opt/ros/humble /home/albert/.local/bin/cmake /home/albert/udem_ws/src/my_robot_description -DCMAKE_INSTALL_PREFIX=/home/albert/udem_ws/install/my_robot_description
[0.113s] -- The C compiler identification is GNU 11.4.0
[0.182s] -- The CXX compiler identification is GNU 11.4.0
[0.196s] -- Detecting C compiler ABI info
[0.282s] -- Detecting C compiler ABI info - done
[0.315s] -- Check for working C compiler: /usr/bin/cc - skipped
[0.316s] -- Detecting C compile features
[0.317s] -- Detecting C compile features - done
[0.323s] -- Detecting CXX compiler ABI info
[0.419s] -- Detecting CXX compiler ABI info - done
[0.439s] -- Check for working CXX compiler: /usr/bin/c++ - skipped
[0.439s] -- Detecting CXX compile features
[0.439s] -- Detecting CXX compile features - done
[0.451s] -- Found ament_cmake: 1.3.9 (/opt/ros/humble/share/ament_cmake/cmake)
[0.661s] -- Found Python3: /usr/bin/python3 (found version "3.10.12") found components: Interpreter
[0.982s] -- Configuring done (0.9s)
[0.986s] -- Generating done (0.0s)
[0.987s] -- Build files have been written to: /home/albert/udem_ws/build/my_robot_description
[0.992s] Invoked command in '/home/albert/udem_ws/build/my_robot_description' returned '0': CMAKE_PREFIX_PATH=${CMAKE_PREFIX_PATH}:/home/albert/bcdc_ws/install/agbot_teleop:/home/albert/bcdc_ws/install/agbot_py:/home/albert/ws_moveit2/install/moveit_configs_utils:/home/albert/ws_moveit2/install/launch_param_builder:/home/albert/umov_ws/install/arduino_py_examples:/home/albert/udem2_ws/install/actions_py:/home/albert/udem2_ws/install/lifecycle_py:/home/albert/udem2_ws/install/executors_py:/home/albert/udem2_ws/install/components_py:/home/albert/udem_ws/install/turtlesim_catcher:/home/albert/udem_ws/install/my_py_pkg:/home/albert/udem_ws/install/lifecycle_py:/home/albert/arduinobot_ws/install/arduinobot_py_examples:/opt/ros/humble /home/albert/.local/bin/cmake /home/albert/udem_ws/src/my_robot_description -DCMAKE_INSTALL_PREFIX=/home/albert/udem_ws/install/my_robot_description
[0.995s] Invoking command in '/home/albert/udem_ws/build/my_robot_description': CMAKE_PREFIX_PATH=${CMAKE_PREFIX_PATH}:/home/albert/bcdc_ws/install/agbot_teleop:/home/albert/bcdc_ws/install/agbot_py:/home/albert/ws_moveit2/install/moveit_configs_utils:/home/albert/ws_moveit2/install/launch_param_builder:/home/albert/umov_ws/install/arduino_py_examples:/home/albert/udem2_ws/install/actions_py:/home/albert/udem2_ws/install/lifecycle_py:/home/albert/udem2_ws/install/executors_py:/home/albert/udem2_ws/install/components_py:/home/albert/udem_ws/install/turtlesim_catcher:/home/albert/udem_ws/install/my_py_pkg:/home/albert/udem_ws/install/lifecycle_py:/home/albert/arduinobot_ws/install/arduinobot_py_examples:/opt/ros/humble /home/albert/.local/bin/cmake --build /home/albert/udem_ws/build/my_robot_description -- -j8 -l8
[1.022s] Invoked command in '/home/albert/udem_ws/build/my_robot_description' returned '0': CMAKE_PREFIX_PATH=${CMAKE_PREFIX_PATH}:/home/albert/bcdc_ws/install/agbot_teleop:/home/albert/bcdc_ws/install/agbot_py:/home/albert/ws_moveit2/install/moveit_configs_utils:/home/albert/ws_moveit2/install/launch_param_builder:/home/albert/umov_ws/install/arduino_py_examples:/home/albert/udem2_ws/install/actions_py:/home/albert/udem2_ws/install/lifecycle_py:/home/albert/udem2_ws/install/executors_py:/home/albert/udem2_ws/install/components_py:/home/albert/udem_ws/install/turtlesim_catcher:/home/albert/udem_ws/install/my_py_pkg:/home/albert/udem_ws/install/lifecycle_py:/home/albert/arduinobot_ws/install/arduinobot_py_examples:/opt/ros/humble /home/albert/.local/bin/cmake --build /home/albert/udem_ws/build/my_robot_description -- -j8 -l8
[1.069s] Invoking command in '/home/albert/udem_ws/build/my_robot_description': CMAKE_PREFIX_PATH=${CMAKE_PREFIX_PATH}:/home/albert/bcdc_ws/install/agbot_teleop:/home/albert/bcdc_ws/install/agbot_py:/home/albert/ws_moveit2/install/moveit_configs_utils:/home/albert/ws_moveit2/install/launch_param_builder:/home/albert/umov_ws/install/arduino_py_examples:/home/albert/udem2_ws/install/actions_py:/home/albert/udem2_ws/install/lifecycle_py:/home/albert/udem2_ws/install/executors_py:/home/albert/udem2_ws/install/components_py:/home/albert/udem_ws/install/turtlesim_catcher:/home/albert/udem_ws/install/my_py_pkg:/home/albert/udem_ws/install/lifecycle_py:/home/albert/arduinobot_ws/install/arduinobot_py_examples:/opt/ros/humble /home/albert/.local/bin/cmake --install /home/albert/udem_ws/build/my_robot_description
[1.073s] -- Install configuration: ""
[1.073s] -- Installing: /home/albert/udem_ws/install/my_robot_description/share/my_robot_description//urdf
[1.073s] -- Installing: /home/albert/udem_ws/install/my_robot_description/share/my_robot_description//urdf/common_properties.xacro
[1.073s] -- Installing: /home/albert/udem_ws/install/my_robot_description/share/my_robot_description//urdf/my_robot1.urdf.xacro
[1.073s] -- Installing: /home/albert/udem_ws/install/my_robot_description/share/my_robot_description//urdf/mobile_base.xacro
[1.074s] -- Installing: /home/albert/udem_ws/install/my_robot_description/share/my_robot_description//urdf/mobile_base_gazebo.xacro
[1.074s] -- Installing: /home/albert/udem_ws/install/my_robot_description/share/my_robot_description//urdf/arm_gazebo.xacro
[1.074s] -- Installing: /home/albert/udem_ws/install/my_robot_description/share/my_robot_description//urdf/lidar_gazebo.xacro
[1.074s] -- Installing: /home/albert/udem_ws/install/my_robot_description/share/my_robot_description//urdf/camera.xacro
[1.075s] -- Installing: /home/albert/udem_ws/install/my_robot_description/share/my_robot_description//urdf/arm.xacro
[1.075s] -- Installing: /home/albert/udem_ws/install/my_robot_description/share/my_robot_description//urdf/standalone_arm.urdf.xacro
[1.075s] -- Installing: /home/albert/udem_ws/install/my_robot_description/share/my_robot_description//urdf/lidar.xacro
[1.076s] -- Installing: /home/albert/udem_ws/install/my_robot_description/share/my_robot_description//launch
[1.076s] -- Installing: /home/albert/udem_ws/install/my_robot_description/share/my_robot_description//launch/display.launch.xml
[1.076s] -- Installing: /home/albert/udem_ws/install/my_robot_description/share/my_robot_description//launch/display.launch.py
[1.076s] -- Installing: /home/albert/udem_ws/install/my_robot_description/share/my_robot_description//launch/arm_display.launch.xml
[1.076s] -- Installing: /home/albert/udem_ws/install/my_robot_description/share/my_robot_description//rviz
[1.077s] -- Installing: /home/albert/udem_ws/install/my_robot_description/share/my_robot_description//rviz/urdf1_config.rviz
[1.077s] -- Installing: /home/albert/udem_ws/install/my_robot_description/share/ament_index/resource_index/package_run_dependencies/my_robot_description
[1.077s] -- Installing: /home/albert/udem_ws/install/my_robot_description/share/ament_index/resource_index/parent_prefix_path/my_robot_description
[1.077s] -- Installing: /home/albert/udem_ws/install/my_robot_description/share/my_robot_description/environment/ament_prefix_path.sh
[1.077s] -- Installing: /home/albert/udem_ws/install/my_robot_description/share/my_robot_description/environment/ament_prefix_path.dsv
[1.078s] -- Installing: /home/albert/udem_ws/install/my_robot_description/share/my_robot_description/environment/path.sh
[1.078s] -- Installing: /home/albert/udem_ws/install/my_robot_description/share/my_robot_description/environment/path.dsv
[1.078s] -- Installing: /home/albert/udem_ws/install/my_robot_description/share/my_robot_description/local_setup.bash
[1.078s] -- Installing: /home/albert/udem_ws/install/my_robot_description/share/my_robot_description/local_setup.sh
[1.078s] -- Installing: /home/albert/udem_ws/install/my_robot_description/share/my_robot_description/local_setup.zsh
[1.079s] -- Installing: /home/albert/udem_ws/install/my_robot_description/share/my_robot_description/local_setup.dsv
[1.079s] -- Installing: /home/albert/udem_ws/install/my_robot_description/share/my_robot_description/package.dsv
[1.079s] -- Installing: /home/albert/udem_ws/install/my_robot_description/share/ament_index/resource_index/packages/my_robot_description
[1.079s] -- Installing: /home/albert/udem_ws/install/my_robot_description/share/my_robot_description/cmake/my_robot_descriptionConfig.cmake
[1.079s] -- Installing: /home/albert/udem_ws/install/my_robot_description/share/my_robot_description/cmake/my_robot_descriptionConfig-version.cmake
[1.079s] -- Installing: /home/albert/udem_ws/install/my_robot_description/share/my_robot_description/package.xml
[1.081s] Invoked command in '/home/albert/udem_ws/build/my_robot_description' returned '0': CMAKE_PREFIX_PATH=${CMAKE_PREFIX_PATH}:/home/albert/bcdc_ws/install/agbot_teleop:/home/albert/bcdc_ws/install/agbot_py:/home/albert/ws_moveit2/install/moveit_configs_utils:/home/albert/ws_moveit2/install/launch_param_builder:/home/albert/umov_ws/install/arduino_py_examples:/home/albert/udem2_ws/install/actions_py:/home/albert/udem2_ws/install/lifecycle_py:/home/albert/udem2_ws/install/executors_py:/home/albert/udem2_ws/install/components_py:/home/albert/udem_ws/install/turtlesim_catcher:/home/albert/udem_ws/install/my_py_pkg:/home/albert/udem_ws/install/lifecycle_py:/home/albert/arduinobot_ws/install/arduinobot_py_examples:/opt/ros/humble /home/albert/.local/bin/cmake --install /home/albert/udem_ws/build/my_robot_description
