running egg_info
creating ../../build/turtlesim_catcher/turtlesim_catcher.egg-info
writing ../../build/turtlesim_catcher/turtlesim_catcher.egg-info/PKG-INFO
writing dependency_links to ../../build/turtlesim_catcher/turtlesim_catcher.egg-info/dependency_links.txt
writing entry points to ../../build/turtlesim_catcher/turtlesim_catcher.egg-info/entry_points.txt
writing requirements to ../../build/turtlesim_catcher/turtlesim_catcher.egg-info/requires.txt
writing top-level names to ../../build/turtlesim_catcher/turtlesim_catcher.egg-info/top_level.txt
writing manifest file '../../build/turtlesim_catcher/turtlesim_catcher.egg-info/SOURCES.txt'
reading manifest file '../../build/turtlesim_catcher/turtlesim_catcher.egg-info/SOURCES.txt'
writing manifest file '../../build/turtlesim_catcher/turtlesim_catcher.egg-info/SOURCES.txt'
running build
running install
running install_data
creating /home/albert/udem_ws/install/turtlesim_catcher/share/ament_index
creating /home/albert/udem_ws/install/turtlesim_catcher/share/ament_index/resource_index
creating /home/albert/udem_ws/install/turtlesim_catcher/share/ament_index/resource_index/packages
copying resource/turtlesim_catcher -> /home/albert/udem_ws/install/turtlesim_catcher/share/ament_index/resource_index/packages
copying package.xml -> /home/albert/udem_ws/install/turtlesim_catcher/share/turtlesim_catcher
running install_egg_info
Copying ../../build/turtlesim_catcher/turtlesim_catcher.egg-info to /home/albert/udem_ws/install/turtlesim_catcher/lib/python3.10/site-packages/turtlesim_catcher-0.0.0-py3.10.egg-info
running install_scripts
Installing turtle_controller script to /home/albert/udem_ws/install/turtlesim_catcher/lib/turtlesim_catcher
Installing turtle_spawner script to /home/albert/udem_ws/install/turtlesim_catcher/lib/turtlesim_catcher
writing list of installed files to '/home/albert/udem_ws/build/turtlesim_catcher/install.log'
